Using pre-set license

 COMMAND LINE ARGUMENTS:
/Applications/Unity/Hub/Editor/2020.3.7f1/Unity.app/Contents/MacOS/Unity
-adb2
-batchMode
-noUpm
-name
AssetImportWorker0
-projectPath
/Users/evilla/Desktop/CMS.339/Eurydice/Eurydice
-logFile
Logs/AssetImportWorker0.log
-srvPort
49769
Successfully changed project path to: /Users/evilla/Desktop/CMS.339/Eurydice/Eurydice
/Users/evilla/Desktop/CMS.339/Eurydice/Eurydice
Using Asset Import Pipeline V2.
Refreshing native plugins compatible for Editor in 107.32 ms, found 5 plugins.
Preloading 1 native plugins for Editor in 30.01 ms.
Initialize engine version: 2020.3.7f1 (dd97f2c94397)
[Subsystems] Discovering subsystems at path /Applications/Unity/Hub/Editor/2020.3.7f1/Unity.app/Contents/Resources/UnitySubsystems
[Subsystems] Discovering subsystems at path /Users/evilla/Desktop/CMS.339/Eurydice/Eurydice/Assets
GfxDevice: creating device client; threaded=0
2021-05-15 22:37:48.528 Unity[434:3837392] Color LCD preferred device: Intel(R) Iris(TM) Plus Graphics 640 (low power)
2021-05-15 22:37:48.528 Unity[434:3837392] Metal devices available: 1
2021-05-15 22:37:48.528 Unity[434:3837392] 0: Intel(R) Iris(TM) Plus Graphics 640 (low power)
2021-05-15 22:37:48.529 Unity[434:3837392] Using device Intel(R) Iris(TM) Plus Graphics 640 (low power)
Initializing Metal device caps: Intel(R) Iris(TM) Plus Graphics 640
Shader 'Oculus/OVRMRCameraFrameLit': fallback shader 'Alpha-Diffuse' not found
Initialize mono
Mono path[0] = '/Applications/Unity/Hub/Editor/2020.3.7f1/Unity.app/Contents/Managed'
Mono path[1] = '/Applications/Unity/Hub/Editor/2020.3.7f1/Unity.app/Contents/MonoBleedingEdge/lib/mono/unityjit'
Mono config path = '/Applications/Unity/Hub/Editor/2020.3.7f1/Unity.app/Contents/MonoBleedingEdge/etc'
Using monoOptions --debugger-agent=transport=dt_socket,embedding=1,server=y,suspend=n,address=127.0.0.1:56434
Begin MonoManager ReloadAssembly
Registering precompiled unity dll's ...
Register platform support module: /Applications/Unity/Hub/Editor/2020.3.7f1/Unity.app/Contents/PlaybackEngines/MacStandaloneSupport/UnityEditor.OSXStandalone.Extensions.dll
Registered in 0.002632 seconds.
Native extension for OSXStandalone target not found
Refreshing native plugins compatible for Editor in 59.26 ms, found 5 plugins.
Preloading 1 native plugins for Editor in 0.62 ms.
Mono: successfully reloaded assembly
- Completed reload, in  6.177 seconds
Platform modules already initialized, skipping
Registering precompiled user dll's ...
Registered in 0.001949 seconds.
Begin MonoManager ReloadAssembly
Native extension for OSXStandalone target not found
Refreshing native plugins compatible for Editor in 0.76 ms, found 5 plugins.
Preloading 1 native plugins for Editor in 0.78 ms.
Mono: successfully reloaded assembly
- Completed reload, in  1.440 seconds
Platform modules already initialized, skipping
========================================================================
Worker process is ready to serve import requests
Shader 'Oculus/OVRMRCameraFrameLit': fallback shader 'Alpha-Diffuse' not found
Launching external process: /Applications/Unity/Hub/Editor/2020.3.7f1/Unity.app/Contents/Tools/UnityShaderCompiler
Launched and connected shader compiler UnityShaderCompiler after 0.02 seconds
Refreshing native plugins compatible for Editor in 0.68 ms, found 5 plugins.
Preloading 1 native plugins for Editor in 0.54 ms.
Unloading 1763 Unused Serialized files (Serialized files now loaded: 0)
System memory in use before: 158.1 MB.
System memory in use after: 157.8 MB.

Unloading 36 unused Assets to reduce memory usage. Loaded Objects now: 2194.
Total: 4.242872 ms (FindLiveObjects: 0.535328 ms CreateObjectMapping: 0.147204 ms MarkObjects: 2.953889 ms  DeleteObjects: 0.605056 ms)

========================================================================
Received Import Request.
  path: Assets/Videos/Eurydice.mp4
  artifactKey: Guid(c48838271bdb84a3c98cf417274d3e8a) Importer(815301076,1909f56bfc062723c751e8b465ee728b)
Start importing Assets/Videos/Eurydice.mp4 using Guid(c48838271bdb84a3c98cf417274d3e8a) Importer(815301076,1909f56bfc062723c751e8b465ee728b)  -> (artifact id: 'c954a83debd33905af798b087710e886') in 1.340272 seconds
  Import took 1.344621 seconds .

========================================================================
Received Import Request.
  Time since last request: 0.000280 seconds.
  path: Assets/Videos/Draft.mp4
  artifactKey: Guid(8910ebf6bd6e54a1cb519c0a097c18b0) Importer(815301076,1909f56bfc062723c751e8b465ee728b)
Start importing Assets/Videos/Draft.mp4 using Guid(8910ebf6bd6e54a1cb519c0a097c18b0) Importer(815301076,1909f56bfc062723c751e8b465ee728b)  -> (artifact id: 'a7d317e831cf9da1bf86a3c244a7dd62') in 0.004882 seconds
  Import took 0.008164 seconds .

========================================================================
Received Import Request.
  Time since last request: 0.000256 seconds.
  path: Assets/Videos/3 - Edge.mp4
  artifactKey: Guid(9750aae0d330847d7b0b24a372137d94) Importer(815301076,1909f56bfc062723c751e8b465ee728b)
Start importing Assets/Videos/3 - Edge.mp4 using Guid(9750aae0d330847d7b0b24a372137d94) Importer(815301076,1909f56bfc062723c751e8b465ee728b)  -> (artifact id: '809bfbe3c4b92f1c756f4443dcc1b7b1') in 0.005788 seconds
  Import took 0.009600 seconds .

========================================================================
Received Import Request.
  Time since last request: 0.000294 seconds.
  path: Assets/Videos/2 - Beg.mp4
  artifactKey: Guid(5d2a2dd05325344da977eaade28d3b4b) Importer(815301076,1909f56bfc062723c751e8b465ee728b)
Start importing Assets/Videos/2 - Beg.mp4 using Guid(5d2a2dd05325344da977eaade28d3b4b) Importer(815301076,1909f56bfc062723c751e8b465ee728b)  -> (artifact id: 'ff5633cce1766ad670d84bea5713e41c') in 0.006329 seconds
  Import took 0.010927 seconds .

========================================================================
Received Import Request.
  Time since last request: 0.000229 seconds.
  path: Assets/Videos/1 - Dead.mp4
  artifactKey: Guid(3626529a11d554cd1b2b99c8a6e5c736) Importer(815301076,1909f56bfc062723c751e8b465ee728b)
Start importing Assets/Videos/1 - Dead.mp4 using Guid(3626529a11d554cd1b2b99c8a6e5c736) Importer(815301076,1909f56bfc062723c751e8b465ee728b)  -> (artifact id: 'c3ee21cd6318af5f81e8b071a7e239ec') in 0.006041 seconds
  Import took 0.010233 seconds .

========================================================================
Received Import Request.
  Time since last request: 553.988653 seconds.
  path: Assets/Oculus/SampleFramework/Usage/DistanceGrab/Prefabs/OutlineItems/DistanceGrabBillardBall03Pf.prefab
  artifactKey: Guid(7ae0bdb1708635e46a2b0bfa802bb184) Importer(815301076,1909f56bfc062723c751e8b465ee728b)
Start importing Assets/Oculus/SampleFramework/Usage/DistanceGrab/Prefabs/OutlineItems/DistanceGrabBillardBall03Pf.prefab using Guid(7ae0bdb1708635e46a2b0bfa802bb184) Importer(815301076,1909f56bfc062723c751e8b465ee728b) WARNING: RGBA Compressed ASTC6X6 sRGB format is not supported, decompressing texture
 -> (artifact id: '2f0951b08109acb93de5b520d04a0e69') in 1.443053 seconds
  Import took 1.468751 seconds .

========================================================================
Received Import Request.
  Time since last request: 0.000347 seconds.
  path: Assets/Oculus/SampleFramework/Usage/DistanceGrab/Prefabs/OutlineItems/DistanceGrabWoodBlockPf.prefab
  artifactKey: Guid(ea7023a21c9958f439273c740ffccda8) Importer(815301076,1909f56bfc062723c751e8b465ee728b)
Start importing Assets/Oculus/SampleFramework/Usage/DistanceGrab/Prefabs/OutlineItems/DistanceGrabWoodBlockPf.prefab using Guid(ea7023a21c9958f439273c740ffccda8) Importer(815301076,1909f56bfc062723c751e8b465ee728b) WARNING: RGBA Compressed ASTC6X6 sRGB format is not supported, decompressing texture
 -> (artifact id: 'e4675d2f96eb940b9cdcd473dbae2b36') in 0.617863 seconds
  Import took 0.621695 seconds .

========================================================================
Received Import Request.
  Time since last request: 0.000241 seconds.
  path: Assets/Oculus/SampleFramework/Usage/DistanceGrab/Prefabs/GrabOffsetsAndPoses/GrabOffsetSportsBottle.prefab
  artifactKey: Guid(802a502bbd864114696daa6c2001c156) Importer(815301076,1909f56bfc062723c751e8b465ee728b)
Start importing Assets/Oculus/SampleFramework/Usage/DistanceGrab/Prefabs/GrabOffsetsAndPoses/GrabOffsetSportsBottle.prefab using Guid(802a502bbd864114696daa6c2001c156) Importer(815301076,1909f56bfc062723c751e8b465ee728b)  -> (artifact id: 'd4ae173ae7aeeb67b7b9b5f5909bd5e2') in 0.005357 seconds
  Import took 0.009083 seconds .

========================================================================
Received Import Request.
  Time since last request: 0.000224 seconds.
  path: Assets/Oculus/SampleFramework/Core/DistanceGrab/Mesh/GrabConeVolume.asset
  artifactKey: Guid(fcd019dc7c1f92140963033f1669ec2f) Importer(815301076,1909f56bfc062723c751e8b465ee728b)
Start importing Assets/Oculus/SampleFramework/Core/DistanceGrab/Mesh/GrabConeVolume.asset using Guid(fcd019dc7c1f92140963033f1669ec2f) Importer(815301076,1909f56bfc062723c751e8b465ee728b)  -> (artifact id: 'c7e70292e59c6890cbf49754e573e361') in 0.536920 seconds
  Import took 0.540219 seconds .

========================================================================
Received Import Request.
  Time since last request: 0.000236 seconds.
  path: Assets/Oculus/SampleFramework/Usage/DistanceGrab/Prefabs/OutlineItems/DistanceGrabCubeCrosshair.prefab
  artifactKey: Guid(0f51a6c91c2722e4b992f30ef1a244f3) Importer(815301076,1909f56bfc062723c751e8b465ee728b)
Start importing Assets/Oculus/SampleFramework/Usage/DistanceGrab/Prefabs/OutlineItems/DistanceGrabCubeCrosshair.prefab using Guid(0f51a6c91c2722e4b992f30ef1a244f3) Importer(815301076,1909f56bfc062723c751e8b465ee728b) WARNING: RGBA Compressed ASTC6X6 sRGB format is not supported, decompressing texture
WARNING: RGBA Compressed ASTC6X6 sRGB format is not supported, decompressing texture
 -> (artifact id: '356bc3e16ddaa39da7aab1698ce69b42') in 0.038185 seconds
  Import took 0.043046 seconds .

========================================================================
Received Import Request.
  Time since last request: 0.000326 seconds.
  path: Assets/Oculus/SampleFramework/Usage/DistanceGrab/Prefabs/OutlineItems/DistanceGrabSoccerBallPf.prefab
  artifactKey: Guid(97f4a8d19ea425a47ae392bde7e260cb) Importer(815301076,1909f56bfc062723c751e8b465ee728b)
Start importing Assets/Oculus/SampleFramework/Usage/DistanceGrab/Prefabs/OutlineItems/DistanceGrabSoccerBallPf.prefab using Guid(97f4a8d19ea425a47ae392bde7e260cb) Importer(815301076,1909f56bfc062723c751e8b465ee728b)  -> (artifact id: 'cf148b30c4ef4a13f7b754f1f1d5624d') in 0.018132 seconds
  Import took 0.025454 seconds .

========================================================================
Received Import Request.
  Time since last request: 0.000321 seconds.
  path: Assets/Oculus/SampleFramework/Usage/DistanceGrab/Prefabs/DistanceGrabSquirtGunPf.prefab
  artifactKey: Guid(22b887b25a8d6409588281047bba5d66) Importer(815301076,1909f56bfc062723c751e8b465ee728b)
Start importing Assets/Oculus/SampleFramework/Usage/DistanceGrab/Prefabs/DistanceGrabSquirtGunPf.prefab using Guid(22b887b25a8d6409588281047bba5d66) Importer(815301076,1909f56bfc062723c751e8b465ee728b)  -> (artifact id: '6c6d0413a9aea270821926158c516300') in 0.413431 seconds
  Import took 0.418229 seconds .

========================================================================
Received Import Request.
  Time since last request: 0.000289 seconds.
  path: Assets/Oculus/SampleFramework/Core/DistanceGrab/Prefabs/DistanceGrabHandRight.prefab
  artifactKey: Guid(6fae51a9f4170334e8639e8dbfc0a54b) Importer(815301076,1909f56bfc062723c751e8b465ee728b)
Start importing Assets/Oculus/SampleFramework/Core/DistanceGrab/Prefabs/DistanceGrabHandRight.prefab using Guid(6fae51a9f4170334e8639e8dbfc0a54b) Importer(815301076,1909f56bfc062723c751e8b465ee728b)  -> (artifact id: '2cb581e94f364d59791ecf8e6260a523') in 0.159317 seconds
  Import took 0.164103 seconds .

========================================================================
Received Import Request.
  Time since last request: 0.000294 seconds.
  path: Assets/Oculus/SampleFramework/Usage/DistanceGrab/Prefabs/OutlineItems/DistanceGrabOculusWaterBottlePf.prefab
  artifactKey: Guid(269666423cfb5994c9d52e58a9ee03d5) Importer(815301076,1909f56bfc062723c751e8b465ee728b)
Start importing Assets/Oculus/SampleFramework/Usage/DistanceGrab/Prefabs/OutlineItems/DistanceGrabOculusWaterBottlePf.prefab using Guid(269666423cfb5994c9d52e58a9ee03d5) Importer(815301076,1909f56bfc062723c751e8b465ee728b) WARNING: RGBA Compressed ASTC6X6 sRGB format is not supported, decompressing texture
 -> (artifact id: 'e1675b3fd98a5364e9835892a7fa08c2') in 0.129117 seconds
  Import took 0.132801 seconds .

========================================================================
Received Import Request.
  Time since last request: 0.000263 seconds.
  path: Assets/Oculus/SampleFramework/Usage/DistanceGrab/Prefabs/OutlineItems/DistanceGrabBillardBall10Pf.prefab
  artifactKey: Guid(6163b6f161e808a42b2cd59a7ed32c34) Importer(815301076,1909f56bfc062723c751e8b465ee728b)
Start importing Assets/Oculus/SampleFramework/Usage/DistanceGrab/Prefabs/OutlineItems/DistanceGrabBillardBall10Pf.prefab using Guid(6163b6f161e808a42b2cd59a7ed32c34) Importer(815301076,1909f56bfc062723c751e8b465ee728b) WARNING: RGBA Compressed ASTC6X6 sRGB format is not supported, decompressing texture
 -> (artifact id: '4a87da985c280dc36f41dbf6db72ac52') in 0.115261 seconds
  Import took 0.119168 seconds .

========================================================================
Received Import Request.
  Time since last request: 0.000220 seconds.
  path: Assets/Oculus/SampleFramework/Core/DistanceGrab/Prefabs/DistanceGrabHandLeft.prefab
  artifactKey: Guid(0242aa8515b4bc947a945a5c6df83ee9) Importer(815301076,1909f56bfc062723c751e8b465ee728b)
Start importing Assets/Oculus/SampleFramework/Core/DistanceGrab/Prefabs/DistanceGrabHandLeft.prefab using Guid(0242aa8515b4bc947a945a5c6df83ee9) Importer(815301076,1909f56bfc062723c751e8b465ee728b)  -> (artifact id: '080fef9e915a08922d4290e560b5ffd4') in 0.053164 seconds
  Import took 0.060342 seconds .

========================================================================
Received Import Request.
  Time since last request: 0.001924 seconds.
  path: Assets/Oculus/SampleFramework/Usage/DistanceGrab/Prefabs/GrabOffsetsAndPoses/GrabOffsetPingPongBall.prefab
  artifactKey: Guid(02215b6c75ce0c241876390fdabaad25) Importer(815301076,1909f56bfc062723c751e8b465ee728b)
Start importing Assets/Oculus/SampleFramework/Usage/DistanceGrab/Prefabs/GrabOffsetsAndPoses/GrabOffsetPingPongBall.prefab using Guid(02215b6c75ce0c241876390fdabaad25) Importer(815301076,1909f56bfc062723c751e8b465ee728b)  -> (artifact id: 'e78fce1edf48b5dbd099d990f1d4cca4') in 0.008941 seconds
  Import took 0.013644 seconds .

========================================================================
Received Import Request.
  Time since last request: 0.001427 seconds.
  path: Assets/Oculus/SampleFramework/Core/CustomHands/GrabConeVolume.asset
  artifactKey: Guid(687d21fc72e51324cbb1c3078c72718e) Importer(815301076,1909f56bfc062723c751e8b465ee728b)
Start importing Assets/Oculus/SampleFramework/Core/CustomHands/GrabConeVolume.asset using Guid(687d21fc72e51324cbb1c3078c72718e) Importer(815301076,1909f56bfc062723c751e8b465ee728b)  -> (artifact id: '6434961401f31b232a0482217bdb4dbd') in 0.015546 seconds
  Import took 0.024222 seconds .

========================================================================
Received Import Request.
  Time since last request: 7.981785 seconds.
  path: Assets/Oculus/SampleFramework/Core/DistanceGrab/Scripts/GrabManager.cs
  artifactKey: Guid(c2d153878a9f7eb45b0e02c0c739029a) Importer(815301076,1909f56bfc062723c751e8b465ee728b)
Start importing Assets/Oculus/SampleFramework/Core/DistanceGrab/Scripts/GrabManager.cs using Guid(c2d153878a9f7eb45b0e02c0c739029a) Importer(815301076,1909f56bfc062723c751e8b465ee728b)  -> (artifact id: '0ae6b1d01c529735ef27bdd9b863382a') in 0.468496 seconds
  Import took 0.473091 seconds .

========================================================================
Received Import Request.
  Time since last request: 7.757939 seconds.
  path: Assets/Oculus/VR/Scripts/Util/OVRGrabbable.cs
  artifactKey: Guid(02d61468f8b77ae4b92c344bc9a600fb) Importer(815301076,1909f56bfc062723c751e8b465ee728b)
Start importing Assets/Oculus/VR/Scripts/Util/OVRGrabbable.cs using Guid(02d61468f8b77ae4b92c344bc9a600fb) Importer(815301076,1909f56bfc062723c751e8b465ee728b)  -> (artifact id: 'f0286ecf7c9ac0166745f61344405bcb') in 0.002541 seconds
  Import took 0.007077 seconds .

========================================================================
Received Import Request.
  Time since last request: 0.003354 seconds.
  path: Assets/Oculus/VR/Scripts/Util/OVRGrabbable.cs
  artifactKey: Guid(02d61468f8b77ae4b92c344bc9a600fb) Importer(815301076,1909f56bfc062723c751e8b465ee728b)
Start importing Assets/Oculus/VR/Scripts/Util/OVRGrabbable.cs using Guid(02d61468f8b77ae4b92c344bc9a600fb) Importer(815301076,1909f56bfc062723c751e8b465ee728b)  -> (artifact id: 'f0286ecf7c9ac0166745f61344405bcb') in 0.001847 seconds
  Import took 0.006427 seconds .

========================================================================
Received Import Request.
  Time since last request: 16.966944 seconds.
  path: Assets/Oculus/VR/Scripts/Util/OVRGrabber.cs
  artifactKey: Guid(fd425c2d06f39bf4899d07c05d0f10eb) Importer(815301076,1909f56bfc062723c751e8b465ee728b)
Start importing Assets/Oculus/VR/Scripts/Util/OVRGrabber.cs using Guid(fd425c2d06f39bf4899d07c05d0f10eb) Importer(815301076,1909f56bfc062723c751e8b465ee728b)  -> (artifact id: 'be3610f0ad14f12f07f473b443bc0e91') in 0.001791 seconds
  Import took 0.006536 seconds .

========================================================================
Received Import Request.
  Time since last request: 0.000548 seconds.
  path: Assets/Oculus/VR/Scripts/Util/OVRGrabber.cs
  artifactKey: Guid(fd425c2d06f39bf4899d07c05d0f10eb) Importer(815301076,1909f56bfc062723c751e8b465ee728b)
Start importing Assets/Oculus/VR/Scripts/Util/OVRGrabber.cs using Guid(fd425c2d06f39bf4899d07c05d0f10eb) Importer(815301076,1909f56bfc062723c751e8b465ee728b)  -> (artifact id: 'be3610f0ad14f12f07f473b443bc0e91') in 0.002124 seconds
  Import took 0.006341 seconds .

========================================================================
Received Import Request.
  Time since last request: 1836.183096 seconds.
  path: Assets/Oculus/VR/Plugins/1.57.0/Win/OVRPlugin.dll
  artifactKey: Guid(7f2960d40d64b4846ad241b7152e1f82) Importer(815301076,1909f56bfc062723c751e8b465ee728b)
Start importing Assets/Oculus/VR/Plugins/1.57.0/Win/OVRPlugin.dll using Guid(7f2960d40d64b4846ad241b7152e1f82) Importer(815301076,1909f56bfc062723c751e8b465ee728b)  -> (artifact id: '2e4548a8f58b272299094f97fa4d0945') in 1.738009 seconds
  Import took 1.772685 seconds .

========================================================================
Received Prepare
Registering precompiled user dll's ...
Registered in 0.004220 seconds.
Begin MonoManager ReloadAssembly
Native extension for OSXStandalone target not found
Refreshing native plugins compatible for Editor in 0.83 ms, found 5 plugins.
Preloading 1 native plugins for Editor in 0.86 ms.
Mono: successfully reloaded assembly
- Completed reload, in  1.810 seconds
Platform modules already initialized, skipping
Switching build target platform(2) subTarget(0) extendedPlatform(0) -> platform(13) subTarget(524294) extendedPlatform(0)
Shader 'Oculus/OVRMRCameraFrameLit': fallback shader 'Alpha-Diffuse' not found
Refreshing native plugins compatible for Editor in 0.70 ms, found 5 plugins.
Preloading 1 native plugins for Editor in 0.56 ms.
Unloading 1703 Unused Serialized files (Serialized files now loaded: 0)
System memory in use before: 198.5 MB.
System memory in use after: 198.3 MB.

Unloading 30 unused Assets to reduce memory usage. Loaded Objects now: 2211.
Total: 3.369026 ms (FindLiveObjects: 0.311983 ms CreateObjectMapping: 0.081893 ms MarkObjects: 2.583943 ms  DeleteObjects: 0.389621 ms)

AssetImportParameters requested are different than current active one (requested -> active):
  custom:graphics/normal-map-encoding: 01000000000000000000000000000000 -> 02000000000000000000000000000000
========================================================================
Received Prepare
Shader 'Oculus/OVRMRCameraFrameLit': fallback shader 'Alpha-Diffuse' not found
Refreshing native plugins compatible for Editor in 14.35 ms, found 5 plugins.
Preloading 1 native plugins for Editor in 0.82 ms.
Unloading 27 Unused Serialized files (Serialized files now loaded: 0)
System memory in use before: 170.6 MB.
System memory in use after: 170.4 MB.

Unloading 27 unused Assets to reduce memory usage. Loaded Objects now: 2211.
Total: 2.744102 ms (FindLiveObjects: 0.271539 ms CreateObjectMapping: 0.075762 ms MarkObjects: 2.006568 ms  DeleteObjects: 0.388552 ms)

========================================================================
Received Prepare
Shader 'Oculus/OVRMRCameraFrameLit': fallback shader 'Alpha-Diffuse' not found
Refreshing native plugins compatible for Editor in 11.76 ms, found 5 plugins.
Preloading 1 native plugins for Editor in 1.13 ms.
Unloading 27 Unused Serialized files (Serialized files now loaded: 0)
System memory in use before: 170.8 MB.
System memory in use after: 170.5 MB.

Unloading 27 unused Assets to reduce memory usage. Loaded Objects now: 2211.
Total: 19.733855 ms (FindLiveObjects: 0.771049 ms CreateObjectMapping: 0.104832 ms MarkObjects: 17.960825 ms  DeleteObjects: 0.895529 ms)

========================================================================
Received Prepare
Shader 'Oculus/OVRMRCameraFrameLit': fallback shader 'Alpha-Diffuse' not found
Refreshing native plugins compatible for Editor in 13.54 ms, found 5 plugins.
Preloading 1 native plugins for Editor in 1.16 ms.
Unloading 27 Unused Serialized files (Serialized files now loaded: 0)
System memory in use before: 170.9 MB.
System memory in use after: 170.7 MB.

Unloading 27 unused Assets to reduce memory usage. Loaded Objects now: 2211.
Total: 24.394607 ms (FindLiveObjects: 0.895456 ms CreateObjectMapping: 0.124191 ms MarkObjects: 22.812746 ms  DeleteObjects: 0.560473 ms)

========================================================================
Received Import Request.
  Time since last request: 1751.646822 seconds.
  path: Assets/FreeWeapons/Materials/Arrow00_mat.mat
  artifactKey: Guid(3fdf5ec69c6226145b957925c8d732a1) Importer(815301076,1909f56bfc062723c751e8b465ee728b)
Start importing Assets/FreeWeapons/Materials/Arrow00_mat.mat using Guid(3fdf5ec69c6226145b957925c8d732a1) Importer(815301076,1909f56bfc062723c751e8b465ee728b) WARNING: RGBA Compressed ASTC6X6 sRGB format is not supported, decompressing texture
 -> (artifact id: '81eac82b1706e348ed2bca8f12558fec') in 1.407414 seconds
  Import took 1.438260 seconds .

========================================================================
Received Import Request.
  Time since last request: 0.001939 seconds.
  path: Assets/FreeWeapons/Materials/Bow00_mat.mat
  artifactKey: Guid(b5d96e9ecf2d71647814a0b3678c6de5) Importer(815301076,1909f56bfc062723c751e8b465ee728b)
Start importing Assets/FreeWeapons/Materials/Bow00_mat.mat using Guid(b5d96e9ecf2d71647814a0b3678c6de5) Importer(815301076,1909f56bfc062723c751e8b465ee728b) WARNING: RGBA Compressed ASTC6X6 sRGB format is not supported, decompressing texture
 -> (artifact id: '9f9152c9396b6081533925e287425732') in 0.108637 seconds
  Import took 0.116821 seconds .

========================================================================
Received Import Request.
  Time since last request: 0.000263 seconds.
  path: Assets/FreeWeapons/Materials/Axe00_mat.mat
  artifactKey: Guid(1c2395f28c8d4854e8a6020b6fc0cbe9) Importer(815301076,1909f56bfc062723c751e8b465ee728b)
Start importing Assets/FreeWeapons/Materials/Axe00_mat.mat using Guid(1c2395f28c8d4854e8a6020b6fc0cbe9) Importer(815301076,1909f56bfc062723c751e8b465ee728b) WARNING: RGBA Compressed ASTC6X6 sRGB format is not supported, decompressing texture
 -> (artifact id: '43ce1e88e996852cd566d8c731d4f375') in 0.197019 seconds
  Import took 0.202806 seconds .

========================================================================
Received Import Request.
  Time since last request: 0.000370 seconds.
  path: Assets/FreeWeapons/Materials/Staff00_mat.mat
  artifactKey: Guid(b7c2d76dd61073449bfe68534d693787) Importer(815301076,1909f56bfc062723c751e8b465ee728b)
Start importing Assets/FreeWeapons/Materials/Staff00_mat.mat using Guid(b7c2d76dd61073449bfe68534d693787) Importer(815301076,1909f56bfc062723c751e8b465ee728b) WARNING: RGBA Compressed ASTC6X6 sRGB format is not supported, decompressing texture
 -> (artifact id: '754b607fb9d66f6695055a189812640a') in 0.184919 seconds
  Import took 0.190060 seconds .

========================================================================
Received Import Request.
  Time since last request: 0.000289 seconds.
  path: Assets/FreeWeapons/Materials/Knife00_mat.mat
  artifactKey: Guid(8817e709cebcb01479060c9c3c213a6b) Importer(815301076,1909f56bfc062723c751e8b465ee728b)
Start importing Assets/FreeWeapons/Materials/Knife00_mat.mat using Guid(8817e709cebcb01479060c9c3c213a6b) Importer(815301076,1909f56bfc062723c751e8b465ee728b) WARNING: RGBA Compressed ASTC6X6 sRGB format is not supported, decompressing texture
 -> (artifact id: 'b0e51a0d39554cc475fb443542fe482e') in 0.141684 seconds
  Import took 0.146531 seconds .

========================================================================
Received Import Request.
  Time since last request: 0.000284 seconds.
  path: Assets/FreeWeapons/Materials/Mace00_mat.mat
  artifactKey: Guid(b50256847bb949d46b22a176e894c799) Importer(815301076,1909f56bfc062723c751e8b465ee728b)
Start importing Assets/FreeWeapons/Materials/Mace00_mat.mat using Guid(b50256847bb949d46b22a176e894c799) Importer(815301076,1909f56bfc062723c751e8b465ee728b) WARNING: RGBA Compressed ASTC6X6 sRGB format is not supported, decompressing texture
 -> (artifact id: 'ef5ba0deae5a030f8e77a23e6dfff79b') in 0.201959 seconds
  Import took 0.207867 seconds .

========================================================================
Received Import Request.
  Time since last request: 0.000255 seconds.
  path: Assets/FreeWeapons/Materials/Sword00_mat.mat
  artifactKey: Guid(f06b5fdf9bf0fb542863f64383708b94) Importer(815301076,1909f56bfc062723c751e8b465ee728b)
Start importing Assets/FreeWeapons/Materials/Sword00_mat.mat using Guid(f06b5fdf9bf0fb542863f64383708b94) Importer(815301076,1909f56bfc062723c751e8b465ee728b) WARNING: RGBA Compressed ASTC6X6 sRGB format is not supported, decompressing texture
 -> (artifact id: 'feff4a163ac4f90cc5406a92dc0f2d3b') in 0.133792 seconds
  Import took 0.137884 seconds .

========================================================================
Received Import Request.
  Time since last request: 0.000252 seconds.
  path: Assets/FreeWeapons/Materials/Shield00_mat.mat
  artifactKey: Guid(0af2722dba9917d42a12fc13c6264d1e) Importer(815301076,1909f56bfc062723c751e8b465ee728b)
Start importing Assets/FreeWeapons/Materials/Shield00_mat.mat using Guid(0af2722dba9917d42a12fc13c6264d1e) Importer(815301076,1909f56bfc062723c751e8b465ee728b) WARNING: RGBA Compressed ASTC6X6 sRGB format is not supported, decompressing texture
 -> (artifact id: 'f0ced8a8b6654d08a9deff4577db59d4') in 0.123591 seconds
  Import took 0.127324 seconds .

========================================================================
Received Import Request.
  Time since last request: 10.391457 seconds.
  path: Assets/GreekPack1Lite/Models/Materials/Greek_Accent_Blue.mat
  artifactKey: Guid(14b7c5c31902442cf8da3306a1031635) Importer(815301076,1909f56bfc062723c751e8b465ee728b)
Start importing Assets/GreekPack1Lite/Models/Materials/Greek_Accent_Blue.mat using Guid(14b7c5c31902442cf8da3306a1031635) Importer(815301076,1909f56bfc062723c751e8b465ee728b)  -> (artifact id: 'cecf0657de6effaec6d8df1847463545') in 0.020397 seconds
  Import took 0.025368 seconds .

========================================================================
Received Import Request.
  Time since last request: 0.000294 seconds.
  path: Assets/GreekPack1Lite/Models/Materials/Greek_Combined.mat
  artifactKey: Guid(8b50f67be3a834a159d88ecc0944f46b) Importer(815301076,1909f56bfc062723c751e8b465ee728b)
Start importing Assets/GreekPack1Lite/Models/Materials/Greek_Combined.mat using Guid(8b50f67be3a834a159d88ecc0944f46b) Importer(815301076,1909f56bfc062723c751e8b465ee728b)  -> (artifact id: '5da6f3a1c9b1d84636638e0cc04568cd') in 0.013885 seconds
  Import took 0.019589 seconds .

========================================================================
Received Import Request.
  Time since last request: 0.000297 seconds.
  path: Assets/GreekPack1Lite/Models/Materials/Greek_Vase_1.mat
  artifactKey: Guid(ad416ec4307d74bfc94d2d8be55f0cd0) Importer(815301076,1909f56bfc062723c751e8b465ee728b)
Start importing Assets/GreekPack1Lite/Models/Materials/Greek_Vase_1.mat using Guid(ad416ec4307d74bfc94d2d8be55f0cd0) Importer(815301076,1909f56bfc062723c751e8b465ee728b)  -> (artifact id: '1512d8878754c0e6400b5b6945af0ec3') in 0.034006 seconds
  Import took 0.040467 seconds .

========================================================================
Received Import Request.
  Time since last request: 0.000213 seconds.
  path: Assets/GreekPack1Lite/Models/Materials/Greek_Roof_2.mat
  artifactKey: Guid(a2540eb5d2d934977881a49c82bcb3e9) Importer(815301076,1909f56bfc062723c751e8b465ee728b)
Start importing Assets/GreekPack1Lite/Models/Materials/Greek_Roof_2.mat using Guid(a2540eb5d2d934977881a49c82bcb3e9) Importer(815301076,1909f56bfc062723c751e8b465ee728b)  -> (artifact id: 'a9b7229c34ed789709d8775541df9df7') in 0.013194 seconds
  Import took 0.018158 seconds .

========================================================================
Received Import Request.
  Time since last request: 0.000760 seconds.
  path: Assets/GreekPack1Lite/Models/Materials/Greek_Stone_1.mat
  artifactKey: Guid(7ed566b1767084d5cbcd1b3b150e3633) Importer(815301076,1909f56bfc062723c751e8b465ee728b)
Start importing Assets/GreekPack1Lite/Models/Materials/Greek_Stone_1.mat using Guid(7ed566b1767084d5cbcd1b3b150e3633) Importer(815301076,1909f56bfc062723c751e8b465ee728b)  -> (artifact id: 'fd2f95dd16ac4ec3c3c062d92a998eeb') in 0.027185 seconds
  Import took 0.033601 seconds .

========================================================================
Received Import Request.
  Time since last request: 0.000381 seconds.
  path: Assets/GreekPack1Lite/Models/Materials/Greek_Roof_1.mat
  artifactKey: Guid(375fd9c2084c448c093ec85db14e15dd) Importer(815301076,1909f56bfc062723c751e8b465ee728b)
Start importing Assets/GreekPack1Lite/Models/Materials/Greek_Roof_1.mat using Guid(375fd9c2084c448c093ec85db14e15dd) Importer(815301076,1909f56bfc062723c751e8b465ee728b)  -> (artifact id: 'f949f954ecbeb5ac18c86dd36f951f9e') in 0.021197 seconds
  Import took 0.025813 seconds .

========================================================================
Received Import Request.
  Time since last request: 0.000263 seconds.
  path: Assets/GreekPack1Lite/Models/Materials/Greek_Stone_4.mat
  artifactKey: Guid(35ceeb845bcaf4d399ebff0070a2de91) Importer(815301076,1909f56bfc062723c751e8b465ee728b)
Start importing Assets/GreekPack1Lite/Models/Materials/Greek_Stone_4.mat using Guid(35ceeb845bcaf4d399ebff0070a2de91) Importer(815301076,1909f56bfc062723c751e8b465ee728b)  -> (artifact id: '36d0ba6d4de4e23b59e1900a87ffe503') in 0.012715 seconds
  Import took 0.017970 seconds .

========================================================================
Received Import Request.
  Time since last request: 0.000273 seconds.
  path: Assets/GreekPack1Lite/Models/Materials/Greek_Dirt_1.mat
  artifactKey: Guid(56b629314517e40929c83b1b37d23e54) Importer(815301076,1909f56bfc062723c751e8b465ee728b)
Start importing Assets/GreekPack1Lite/Models/Materials/Greek_Dirt_1.mat using Guid(56b629314517e40929c83b1b37d23e54) Importer(815301076,1909f56bfc062723c751e8b465ee728b)  -> (artifact id: '9b7e821b8b374fcff119c275948ed868') in 0.012913 seconds
  Import took 0.019909 seconds .

========================================================================
Received Import Request.
  Time since last request: 0.000286 seconds.
  path: Assets/GreekPack1Lite/Models/Materials/Greek_Silver_1.mat
  artifactKey: Guid(2c47c88d7fcbf4ce3aa8da9f42f86898) Importer(815301076,1909f56bfc062723c751e8b465ee728b)
Start importing Assets/GreekPack1Lite/Models/Materials/Greek_Silver_1.mat using Guid(2c47c88d7fcbf4ce3aa8da9f42f86898) Importer(815301076,1909f56bfc062723c751e8b465ee728b)  -> (artifact id: '0d40c6a3c25883125b93d3b2307066a8') in 0.011125 seconds
  Import took 0.015492 seconds .

========================================================================
Received Import Request.
  Time since last request: 0.000244 seconds.
  path: Assets/GreekPack1Lite/Models/Materials/Greek_Bush_1.mat
  artifactKey: Guid(47beed327039b4bc89c7bfab618add20) Importer(815301076,1909f56bfc062723c751e8b465ee728b)
Start importing Assets/GreekPack1Lite/Models/Materials/Greek_Bush_1.mat using Guid(47beed327039b4bc89c7bfab618add20) Importer(815301076,1909f56bfc062723c751e8b465ee728b)  -> (artifact id: '649af7be5f586bc78d6cba9bafc7dd46') in 0.032952 seconds
  Import took 0.039016 seconds .

========================================================================
Received Import Request.
  Time since last request: 0.001322 seconds.
  path: Assets/GreekPack1Lite/Models/Materials/Greek_Cloth_White.mat
  artifactKey: Guid(6f436851cda3044949b9866dafe155c6) Importer(815301076,1909f56bfc062723c751e8b465ee728b)
Start importing Assets/GreekPack1Lite/Models/Materials/Greek_Cloth_White.mat using Guid(6f436851cda3044949b9866dafe155c6) Importer(815301076,1909f56bfc062723c751e8b465ee728b)  -> (artifact id: '65dd3ff13b45170ecad95b06f00826e9') in 0.027135 seconds
  Import took 0.032741 seconds .

========================================================================
Received Import Request.
  Time since last request: 0.000402 seconds.
  path: Assets/GreekPack1Lite/Models/Materials/Greek_Stone_2.mat
  artifactKey: Guid(7c41cd8c830924aa299e46e6eef716bf) Importer(815301076,1909f56bfc062723c751e8b465ee728b)
Start importing Assets/GreekPack1Lite/Models/Materials/Greek_Stone_2.mat using Guid(7c41cd8c830924aa299e46e6eef716bf) Importer(815301076,1909f56bfc062723c751e8b465ee728b)  -> (artifact id: '3cf04e6f2423e56b1842edbcd3698c0d') in 0.018141 seconds
  Import took 0.022899 seconds .

========================================================================
Received Import Request.
  Time since last request: 0.000304 seconds.
  path: Assets/GreekPack1Lite/Models/Materials/Greek_Bush_2.mat
  artifactKey: Guid(4e3d41c451bc242488504495ee6658ce) Importer(815301076,1909f56bfc062723c751e8b465ee728b)
Start importing Assets/GreekPack1Lite/Models/Materials/Greek_Bush_2.mat using Guid(4e3d41c451bc242488504495ee6658ce) Importer(815301076,1909f56bfc062723c751e8b465ee728b)  -> (artifact id: 'bf706855b6cf5f24ea6dbc184d9ecc66') in 0.012936 seconds
  Import took 0.017743 seconds .

========================================================================
Received Import Request.
  Time since last request: 0.000714 seconds.
  path: Assets/GreekPack1Lite/Models/Materials/Greek_Parchment.mat
  artifactKey: Guid(dfa57d59a97024ec6964c7d3d0afbaea) Importer(815301076,1909f56bfc062723c751e8b465ee728b)
Start importing Assets/GreekPack1Lite/Models/Materials/Greek_Parchment.mat using Guid(dfa57d59a97024ec6964c7d3d0afbaea) Importer(815301076,1909f56bfc062723c751e8b465ee728b)  -> (artifact id: 'f8497045a64fbe55cfbc27e8e2d79928') in 0.012640 seconds
  Import took 0.018098 seconds .

========================================================================
Received Import Request.
  Time since last request: 0.000700 seconds.
  path: Assets/GreekPack1Lite/Models/Materials/Greek_Flower_2.mat
  artifactKey: Guid(87878a96d53344af1875eec2206275da) Importer(815301076,1909f56bfc062723c751e8b465ee728b)
Start importing Assets/GreekPack1Lite/Models/Materials/Greek_Flower_2.mat using Guid(87878a96d53344af1875eec2206275da) Importer(815301076,1909f56bfc062723c751e8b465ee728b)  -> (artifact id: 'c0bd924f98c238a4792c0621db819657') in 0.018564 seconds
  Import took 0.024774 seconds .

========================================================================
Received Import Request.
  Time since last request: 0.000311 seconds.
  path: Assets/GreekPack1Lite/Models/Materials/Greek_Vine_1.mat
  artifactKey: Guid(6afd25be3eebe47f0bfbc21a6637aaae) Importer(815301076,1909f56bfc062723c751e8b465ee728b)
Start importing Assets/GreekPack1Lite/Models/Materials/Greek_Vine_1.mat using Guid(6afd25be3eebe47f0bfbc21a6637aaae) Importer(815301076,1909f56bfc062723c751e8b465ee728b)  -> (artifact id: 'f72a921d6e6d3569c3e6744936377aa6') in 0.020835 seconds
  Import took 0.026296 seconds .

========================================================================
Received Import Request.
  Time since last request: 0.000570 seconds.
  path: Assets/GreekPack1Lite/Models/Materials/Greek_Water.mat
  artifactKey: Guid(f0e758c4a7b8b41a782a0384069954b4) Importer(815301076,1909f56bfc062723c751e8b465ee728b)
Start importing Assets/GreekPack1Lite/Models/Materials/Greek_Water.mat using Guid(f0e758c4a7b8b41a782a0384069954b4) Importer(815301076,1909f56bfc062723c751e8b465ee728b)  -> (artifact id: 'f1693fa0df615e15ab4d5cfb0a42bc33') in 0.015133 seconds
  Import took 0.020039 seconds .

========================================================================
Received Import Request.
  Time since last request: 0.000251 seconds.
  path: Assets/GreekPack1Lite/Models/Materials/Greek_Flower_1.mat
  artifactKey: Guid(caa72d5aff9b84502ad37484407ceca2) Importer(815301076,1909f56bfc062723c751e8b465ee728b)
Start importing Assets/GreekPack1Lite/Models/Materials/Greek_Flower_1.mat using Guid(caa72d5aff9b84502ad37484407ceca2) Importer(815301076,1909f56bfc062723c751e8b465ee728b)  -> (artifact id: '2f9d150abe6e20689afddeebf763836a') in 0.009355 seconds
  Import took 0.013666 seconds .

========================================================================
Received Import Request.
  Time since last request: 0.000254 seconds.
  path: Assets/GreekPack1Lite/Models/Materials/Greek_Stone_5.mat
  artifactKey: Guid(257dfd3a2570d46ef994063289de7684) Importer(815301076,1909f56bfc062723c751e8b465ee728b)
Start importing Assets/GreekPack1Lite/Models/Materials/Greek_Stone_5.mat using Guid(257dfd3a2570d46ef994063289de7684) Importer(815301076,1909f56bfc062723c751e8b465ee728b)  -> (artifact id: '197ae691ae3cc500a45a3ca83460ddf7') in 0.010461 seconds
  Import took 0.014840 seconds .

========================================================================
Received Import Request.
  Time since last request: 0.000263 seconds.
  path: Assets/GreekPack1Lite/Models/Materials/Greek_Tree_1.mat
  artifactKey: Guid(847f9c8503e5246caa8d64722a7f945d) Importer(815301076,1909f56bfc062723c751e8b465ee728b)
Start importing Assets/GreekPack1Lite/Models/Materials/Greek_Tree_1.mat using Guid(847f9c8503e5246caa8d64722a7f945d) Importer(815301076,1909f56bfc062723c751e8b465ee728b)  -> (artifact id: 'b68346257168b888774746574ccc6d8b') in 0.019940 seconds
  Import took 0.024298 seconds .

========================================================================
Received Import Request.
  Time since last request: 0.000279 seconds.
  path: Assets/GreekPack1Lite/Models/Materials/Greek_Wood_1.mat
  artifactKey: Guid(ac434d30fa0fd41a6a0a4d1ce678be54) Importer(815301076,1909f56bfc062723c751e8b465ee728b)
Start importing Assets/GreekPack1Lite/Models/Materials/Greek_Wood_1.mat using Guid(ac434d30fa0fd41a6a0a4d1ce678be54) Importer(815301076,1909f56bfc062723c751e8b465ee728b)  -> (artifact id: '7a15b28db149ea27391044b4cfeb6ce7') in 0.111214 seconds
  Import took 0.115700 seconds .

========================================================================
Received Import Request.
  Time since last request: 0.000095 seconds.
  path: Assets/GreekPack1Lite/Models/Materials/Greek_Pedestal.mat
  artifactKey: Guid(2b2db13c480524bcb8b3aa2562a82d09) Importer(815301076,1909f56bfc062723c751e8b465ee728b)
Start importing Assets/GreekPack1Lite/Models/Materials/Greek_Pedestal.mat using Guid(2b2db13c480524bcb8b3aa2562a82d09) Importer(815301076,1909f56bfc062723c751e8b465ee728b)  -> (artifact id: '75ac8ae48c82565674d12cd0bba8ec0e') in 0.016940 seconds
  Import took 0.022389 seconds .

========================================================================
Received Import Request.
  Time since last request: 0.000288 seconds.
  path: Assets/GreekPack1Lite/Models/Materials/Greek_Bark_1.mat
  artifactKey: Guid(bf87c698a6d9f4a00a9c23a1a302c39f) Importer(815301076,1909f56bfc062723c751e8b465ee728b)
Start importing Assets/GreekPack1Lite/Models/Materials/Greek_Bark_1.mat using Guid(bf87c698a6d9f4a00a9c23a1a302c39f) Importer(815301076,1909f56bfc062723c751e8b465ee728b)  -> (artifact id: '1b08be17f24c93e0589f8712704f480d') in 0.024097 seconds
  Import took 0.028912 seconds .

========================================================================
Received Import Request.
  Time since last request: 0.000272 seconds.
  path: Assets/GreekPack1Lite/Models/Materials/Greek_Bronze_1.mat
  artifactKey: Guid(cb01d9936a28e42caab84a5e9e68ac4f) Importer(815301076,1909f56bfc062723c751e8b465ee728b)
Start importing Assets/GreekPack1Lite/Models/Materials/Greek_Bronze_1.mat using Guid(cb01d9936a28e42caab84a5e9e68ac4f) Importer(815301076,1909f56bfc062723c751e8b465ee728b)  -> (artifact id: '2dc7e7dc3bd85b0d9d3bfc4e52486e1e') in 0.018797 seconds
  Import took 0.024796 seconds .

========================================================================
Received Import Request.
  Time since last request: 0.000301 seconds.
  path: Assets/GreekPack1Lite/Models/Materials/Greek_Grass_1.mat
  artifactKey: Guid(e33a6ab228fd84f23b3684a158de11b4) Importer(815301076,1909f56bfc062723c751e8b465ee728b)
Start importing Assets/GreekPack1Lite/Models/Materials/Greek_Grass_1.mat using Guid(e33a6ab228fd84f23b3684a158de11b4) Importer(815301076,1909f56bfc062723c751e8b465ee728b)  -> (artifact id: '9a45cf043b210c16a58170af79fda156') in 0.012337 seconds
  Import took 0.017209 seconds .

========================================================================
Received Import Request.
  Time since last request: 0.000243 seconds.
  path: Assets/GreekPack1Lite/Models/Materials/Greek_Accent_Orange.mat
  artifactKey: Guid(53a9aa258f56c43cb9a8c17e13ed85b5) Importer(815301076,1909f56bfc062723c751e8b465ee728b)
Start importing Assets/GreekPack1Lite/Models/Materials/Greek_Accent_Orange.mat using Guid(53a9aa258f56c43cb9a8c17e13ed85b5) Importer(815301076,1909f56bfc062723c751e8b465ee728b)  -> (artifact id: '416532b346e6d411b6801eee0c001225') in 0.018893 seconds
  Import took 0.028905 seconds .

========================================================================
Received Import Request.
  Time since last request: 0.000359 seconds.
  path: Assets/GreekPack1Lite/Models/Materials/Greek_Vase_2.mat
  artifactKey: Guid(9bf520b8d7962492ab625159d7ccec2d) Importer(815301076,1909f56bfc062723c751e8b465ee728b)
Start importing Assets/GreekPack1Lite/Models/Materials/Greek_Vase_2.mat using Guid(9bf520b8d7962492ab625159d7ccec2d) Importer(815301076,1909f56bfc062723c751e8b465ee728b)  -> (artifact id: 'b60a9a73fe5a89a86dfc7fe640f95687') in 0.014554 seconds
  Import took 0.020898 seconds .

========================================================================
Received Import Request.
  Time since last request: 0.000353 seconds.
  path: Assets/GreekPack1Lite/Models/Materials/Greek_Stone_3.mat
  artifactKey: Guid(dd8a00cf6e7fc44d2b98129521fec2f7) Importer(815301076,1909f56bfc062723c751e8b465ee728b)
Start importing Assets/GreekPack1Lite/Models/Materials/Greek_Stone_3.mat using Guid(dd8a00cf6e7fc44d2b98129521fec2f7) Importer(815301076,1909f56bfc062723c751e8b465ee728b)  -> (artifact id: '2e9d6ae80e4fb0c40e0409e4e0abd381') in 0.041571 seconds
  Import took 0.046507 seconds .

========================================================================
Received Import Request.
  Time since last request: 0.000278 seconds.
  path: Assets/GreekPack1Lite/Models/Materials/Greek_Cloth_Blue.mat
  artifactKey: Guid(a6f26a496099548c29adb9c535437a1c) Importer(815301076,1909f56bfc062723c751e8b465ee728b)
Start importing Assets/GreekPack1Lite/Models/Materials/Greek_Cloth_Blue.mat using Guid(a6f26a496099548c29adb9c535437a1c) Importer(815301076,1909f56bfc062723c751e8b465ee728b)  -> (artifact id: 'd1f7a61ff478e983df48c4ca90a52539') in 0.023427 seconds
  Import took 0.029161 seconds .

========================================================================
Received Import Request.
  Time since last request: 0.000321 seconds.
  path: Assets/GreekPack1Lite/Models/Materials/Greek_Flower_3.mat
  artifactKey: Guid(523124601af35487bb57d52f9fe68f10) Importer(815301076,1909f56bfc062723c751e8b465ee728b)
Start importing Assets/GreekPack1Lite/Models/Materials/Greek_Flower_3.mat using Guid(523124601af35487bb57d52f9fe68f10) Importer(815301076,1909f56bfc062723c751e8b465ee728b)  -> (artifact id: '49d9d99bcbf0fb149947dfdec50c75f2') in 0.012425 seconds
  Import took 0.017718 seconds .

========================================================================
Received Import Request.
  Time since last request: 0.000290 seconds.
  path: Assets/GreekPack1Lite/Models/Materials/Greek_Stone_7.mat
  artifactKey: Guid(601a0eae310ab4cd99ec3bdae1fbd0a8) Importer(815301076,1909f56bfc062723c751e8b465ee728b)
Start importing Assets/GreekPack1Lite/Models/Materials/Greek_Stone_7.mat using Guid(601a0eae310ab4cd99ec3bdae1fbd0a8) Importer(815301076,1909f56bfc062723c751e8b465ee728b)  -> (artifact id: '37a9abb32150c27ae339e40eabbaaf7e') in 0.018542 seconds
  Import took 0.024617 seconds .

========================================================================
Received Import Request.
  Time since last request: 0.000290 seconds.
  path: Assets/GreekPack1Lite/Models/Materials/Greek_Roof_3.mat
  artifactKey: Guid(ca59fee446bd942daac49a9162b671fe) Importer(815301076,1909f56bfc062723c751e8b465ee728b)
Start importing Assets/GreekPack1Lite/Models/Materials/Greek_Roof_3.mat using Guid(ca59fee446bd942daac49a9162b671fe) Importer(815301076,1909f56bfc062723c751e8b465ee728b)  -> (artifact id: '9abbfc39680c3cc0f6ff7b7e2e49a33d') in 0.017710 seconds
  Import took 0.024553 seconds .

========================================================================
Received Import Request.
  Time since last request: 0.000365 seconds.
  path: Assets/GreekPack1Lite/Models/Materials/Greek_Stone_6.mat
  artifactKey: Guid(1132727fdae054c0fa6d57ba46f59636) Importer(815301076,1909f56bfc062723c751e8b465ee728b)
Start importing Assets/GreekPack1Lite/Models/Materials/Greek_Stone_6.mat using Guid(1132727fdae054c0fa6d57ba46f59636) Importer(815301076,1909f56bfc062723c751e8b465ee728b)  -> (artifact id: '8373b87b6c41a9a19bdbf2144521f7b0') in 0.012515 seconds
  Import took 0.017936 seconds .

========================================================================
Received Import Request.
  Time since last request: 305.360741 seconds.
  path: Assets/Scripts/StringScript.cs
  artifactKey: Guid(9ab2d47d6f7bf4b939b42280b2ca5d14) Importer(815301076,1909f56bfc062723c751e8b465ee728b)
Start importing Assets/Scripts/StringScript.cs using Guid(9ab2d47d6f7bf4b939b42280b2ca5d14) Importer(815301076,1909f56bfc062723c751e8b465ee728b)  -> (artifact id: '765eb878e6791f24a242d6ba0fbae2b0') in 0.051424 seconds
  Import took 0.062481 seconds .

========================================================================
Received Import Request.
  Time since last request: 0.132364 seconds.
  path: Assets/Scripts/StringScript.cs
  artifactKey: Guid(9ab2d47d6f7bf4b939b42280b2ca5d14) Importer(815301076,1909f56bfc062723c751e8b465ee728b)
Start importing Assets/Scripts/StringScript.cs using Guid(9ab2d47d6f7bf4b939b42280b2ca5d14) Importer(815301076,1909f56bfc062723c751e8b465ee728b)  -> (artifact id: '765eb878e6791f24a242d6ba0fbae2b0') in 0.002119 seconds
  Import took 0.006794 seconds .

========================================================================
Received Prepare
Registering precompiled user dll's ...
Registered in 0.006736 seconds.
Begin MonoManager ReloadAssembly
Native extension for OSXStandalone target not found
Refreshing native plugins compatible for Editor in 1.19 ms, found 5 plugins.
Preloading 1 native plugins for Editor in 1.24 ms.
Mono: successfully reloaded assembly
- Completed reload, in  2.376 seconds
Platform modules already initialized, skipping
Switching build target platform(2) subTarget(0) extendedPlatform(0) -> platform(13) subTarget(524294) extendedPlatform(0)
Shader 'Oculus/OVRMRCameraFrameLit': fallback shader 'Alpha-Diffuse' not found
Refreshing native plugins compatible for Editor in 1.28 ms, found 5 plugins.
Preloading 1 native plugins for Editor in 0.81 ms.
Unloading 1704 Unused Serialized files (Serialized files now loaded: 0)
System memory in use before: 204.5 MB.
System memory in use after: 204.3 MB.

Unloading 30 unused Assets to reduce memory usage. Loaded Objects now: 2249.
Total: 4.170357 ms (FindLiveObjects: 0.502216 ms CreateObjectMapping: 0.136396 ms MarkObjects: 2.985382 ms  DeleteObjects: 0.543956 ms)

AssetImportParameters requested are different than current active one (requested -> active):
  custom:graphics/normal-map-encoding: 01000000000000000000000000000000 -> 02000000000000000000000000000000
========================================================================
Received Import Request.
  Time since last request: 884.637851 seconds.
  path: Assets/Scripts/StringScript.cs
  artifactKey: Guid(9ab2d47d6f7bf4b939b42280b2ca5d14) Importer(815301076,1909f56bfc062723c751e8b465ee728b)
Start importing Assets/Scripts/StringScript.cs using Guid(9ab2d47d6f7bf4b939b42280b2ca5d14) Importer(815301076,1909f56bfc062723c751e8b465ee728b)  -> (artifact id: '4bc3a77ae8458ef2c35f3d955bfde097') in 0.114552 seconds
  Import took 0.176765 seconds .

========================================================================
Received Import Request.
  Time since last request: 382.530038 seconds.
  path: Assets/Scripts/StringScript.cs
  artifactKey: Guid(9ab2d47d6f7bf4b939b42280b2ca5d14) Importer(815301076,1909f56bfc062723c751e8b465ee728b)
Start importing Assets/Scripts/StringScript.cs using Guid(9ab2d47d6f7bf4b939b42280b2ca5d14) Importer(815301076,1909f56bfc062723c751e8b465ee728b)  -> (artifact id: '5222e4c0993cf2cc761c3a76040b6359') in 0.010037 seconds
  Import took 0.022729 seconds .

========================================================================
Received Prepare
Registering precompiled user dll's ...
Registered in 0.005708 seconds.
Begin MonoManager ReloadAssembly
Native extension for OSXStandalone target not found
Refreshing native plugins compatible for Editor in 0.72 ms, found 5 plugins.
Preloading 1 native plugins for Editor in 0.95 ms.
Mono: successfully reloaded assembly
- Completed reload, in  1.700 seconds
Platform modules already initialized, skipping
Switching build target platform(2) subTarget(0) extendedPlatform(0) -> platform(13) subTarget(524294) extendedPlatform(0)
Shader 'Oculus/OVRMRCameraFrameLit': fallback shader 'Alpha-Diffuse' not found
Refreshing native plugins compatible for Editor in 1.12 ms, found 5 plugins.
Preloading 1 native plugins for Editor in 0.76 ms.
Unloading 1704 Unused Serialized files (Serialized files now loaded: 0)
System memory in use before: 204.8 MB.
System memory in use after: 204.6 MB.

Unloading 30 unused Assets to reduce memory usage. Loaded Objects now: 2253.
Total: 3.552722 ms (FindLiveObjects: 0.455542 ms CreateObjectMapping: 0.132100 ms MarkObjects: 2.509284 ms  DeleteObjects: 0.453898 ms)

AssetImportParameters requested are different than current active one (requested -> active):
  custom:graphics/normal-map-encoding: 01000000000000000000000000000000 -> 02000000000000000000000000000000
========================================================================
Received Import Request.
  Time since last request: 17.604503 seconds.
  path: Assets/Scripts/StringScript.cs
  artifactKey: Guid(9ab2d47d6f7bf4b939b42280b2ca5d14) Importer(815301076,1909f56bfc062723c751e8b465ee728b)
Start importing Assets/Scripts/StringScript.cs using Guid(9ab2d47d6f7bf4b939b42280b2ca5d14) Importer(815301076,1909f56bfc062723c751e8b465ee728b)  -> (artifact id: '1285adf74b330f70a5d96df1f8c81be6') in 0.005319 seconds
  Import took 0.009367 seconds .

========================================================================
Received Import Request.
  Time since last request: 7.175990 seconds.
  path: Assets/Scripts/DoorScript.cs
  artifactKey: Guid(980af596c9e4344c8a7dd5aef4d235b0) Importer(815301076,1909f56bfc062723c751e8b465ee728b)
Start importing Assets/Scripts/DoorScript.cs using Guid(980af596c9e4344c8a7dd5aef4d235b0) Importer(815301076,1909f56bfc062723c751e8b465ee728b)  -> (artifact id: '7ed50bf1a4600d54f358e0487034c8b2') in 0.002294 seconds
  Import took 0.007191 seconds .

========================================================================
Received Import Request.
  Time since last request: 0.002995 seconds.
  path: Assets/Scripts/DoorScript.cs
  artifactKey: Guid(980af596c9e4344c8a7dd5aef4d235b0) Importer(815301076,1909f56bfc062723c751e8b465ee728b)
Start importing Assets/Scripts/DoorScript.cs using Guid(980af596c9e4344c8a7dd5aef4d235b0) Importer(815301076,1909f56bfc062723c751e8b465ee728b)  -> (artifact id: '7ed50bf1a4600d54f358e0487034c8b2') in 0.003136 seconds
  Import took 0.007626 seconds .

========================================================================
Received Prepare
Registering precompiled user dll's ...
Registered in 0.007989 seconds.
Begin MonoManager ReloadAssembly
Native extension for OSXStandalone target not found
Refreshing native plugins compatible for Editor in 1.16 ms, found 5 plugins.
Preloading 1 native plugins for Editor in 0.90 ms.
Mono: successfully reloaded assembly
- Completed reload, in  1.613 seconds
Platform modules already initialized, skipping
Switching build target platform(2) subTarget(0) extendedPlatform(0) -> platform(13) subTarget(524294) extendedPlatform(0)
Shader 'Oculus/OVRMRCameraFrameLit': fallback shader 'Alpha-Diffuse' not found
Refreshing native plugins compatible for Editor in 0.69 ms, found 5 plugins.
Preloading 1 native plugins for Editor in 0.55 ms.
Unloading 1704 Unused Serialized files (Serialized files now loaded: 0)
System memory in use before: 205.0 MB.
System memory in use after: 204.8 MB.

Unloading 30 unused Assets to reduce memory usage. Loaded Objects now: 2257.
Total: 3.051934 ms (FindLiveObjects: 0.329246 ms CreateObjectMapping: 0.091783 ms MarkObjects: 2.219024 ms  DeleteObjects: 0.410644 ms)

AssetImportParameters requested are different than current active one (requested -> active):
  custom:graphics/normal-map-encoding: 01000000000000000000000000000000 -> 02000000000000000000000000000000
========================================================================
Received Import Request.
  Time since last request: 138.834363 seconds.
  path: Assets/Scripts/BowScript.cs
  artifactKey: Guid(22c5585d3a62e4c7dbcd4eb136c63dc4) Importer(815301076,1909f56bfc062723c751e8b465ee728b)
Start importing Assets/Scripts/BowScript.cs using Guid(22c5585d3a62e4c7dbcd4eb136c63dc4) Importer(815301076,1909f56bfc062723c751e8b465ee728b)  -> (artifact id: '8c54c4d5c4e22d88cc86f9ab75096c33') in 0.005722 seconds
  Import took 0.010208 seconds .

========================================================================
Received Import Request.
  Time since last request: 176.430823 seconds.
  path: ProjectSettings/TagManager.asset
  artifactKey: Guid(00000000000000003000000000000000) Importer(815301076,1909f56bfc062723c751e8b465ee728b)
Start importing ProjectSettings/TagManager.asset using Guid(00000000000000003000000000000000) Importer(815301076,1909f56bfc062723c751e8b465ee728b)  -> (artifact id: 'dd7afd5b462746c8eb811508aef63a3f') in 0.031747 seconds
  Import took 0.036424 seconds .

========================================================================
Received Prepare
Registering precompiled user dll's ...
Registered in 0.006339 seconds.
Begin MonoManager ReloadAssembly
Native extension for OSXStandalone target not found
Refreshing native plugins compatible for Editor in 1.20 ms, found 5 plugins.
Preloading 1 native plugins for Editor in 1.24 ms.
Mono: successfully reloaded assembly
- Completed reload, in  1.731 seconds
Platform modules already initialized, skipping
Switching build target platform(2) subTarget(0) extendedPlatform(0) -> platform(13) subTarget(524294) extendedPlatform(0)
Shader 'Oculus/OVRMRCameraFrameLit': fallback shader 'Alpha-Diffuse' not found
Refreshing native plugins compatible for Editor in 0.69 ms, found 5 plugins.
Preloading 1 native plugins for Editor in 0.58 ms.
Unloading 1704 Unused Serialized files (Serialized files now loaded: 0)
System memory in use before: 205.2 MB.
System memory in use after: 205.0 MB.

Unloading 31 unused Assets to reduce memory usage. Loaded Objects now: 2261.
Total: 3.077028 ms (FindLiveObjects: 0.469287 ms CreateObjectMapping: 0.123686 ms MarkObjects: 2.041165 ms  DeleteObjects: 0.439514 ms)

AssetImportParameters requested are different than current active one (requested -> active):
  custom:graphics/normal-map-encoding: 01000000000000000000000000000000 -> 02000000000000000000000000000000
========================================================================
Received Import Request.
  Time since last request: 551.794193 seconds.
  path: Assets/GreekVases/GreekTemple - Vases (Free)/03_Materials/Vase_Hydria.mat
  artifactKey: Guid(41ec4744b7853e34a8dd2eed887464b8) Importer(815301076,1909f56bfc062723c751e8b465ee728b)
Start importing Assets/GreekVases/GreekTemple - Vases (Free)/03_Materials/Vase_Hydria.mat using Guid(41ec4744b7853e34a8dd2eed887464b8) Importer(815301076,1909f56bfc062723c751e8b465ee728b) WARNING: RGBA Compressed ASTC6X6 sRGB format is not supported, decompressing texture
WARNING: RGBA Compressed ASTC6X6 UNorm format is not supported, decompressing texture
WARNING: RGBA Compressed ASTC6X6 sRGB format is not supported, decompressing texture
 -> (artifact id: 'b2712a0acbc8fe271a034f8cfa460576') in 1.203765 seconds
  Import took 1.206903 seconds .

========================================================================
Received Import Request.
  Time since last request: 0.000231 seconds.
  path: Assets/GreekVases/GreekTemple - Vases (Free)/03_Materials/MarbleFloor.mat
  artifactKey: Guid(48ea6e555fb26054f991397b42c90d03) Importer(815301076,1909f56bfc062723c751e8b465ee728b)
Start importing Assets/GreekVases/GreekTemple - Vases (Free)/03_Materials/MarbleFloor.mat using Guid(48ea6e555fb26054f991397b42c90d03) Importer(815301076,1909f56bfc062723c751e8b465ee728b) WARNING: RGBA Compressed ASTC6X6 sRGB format is not supported, decompressing texture
WARNING: RGBA Compressed ASTC6X6 UNorm format is not supported, decompressing texture
WARNING: RGBA Compressed ASTC6X6 sRGB format is not supported, decompressing texture
WARNING: RGBA Compressed ASTC6X6 sRGB format is not supported, decompressing texture
 -> (artifact id: '2bdbc9b2d60fa9067e3954e4ee7b9ad9') in 0.370194 seconds
  Import took 0.373148 seconds .

========================================================================
Received Import Request.
  Time since last request: 0.000245 seconds.
  path: Assets/GreekVases/GreekTemple - Vases (Free)/03_Materials/Vase_Amphora.mat
  artifactKey: Guid(70cf5a841520a9b41b359afe174cb6ea) Importer(815301076,1909f56bfc062723c751e8b465ee728b)
Start importing Assets/GreekVases/GreekTemple - Vases (Free)/03_Materials/Vase_Amphora.mat using Guid(70cf5a841520a9b41b359afe174cb6ea) Importer(815301076,1909f56bfc062723c751e8b465ee728b) WARNING: RGBA Compressed ASTC6X6 sRGB format is not supported, decompressing texture
WARNING: RGBA Compressed ASTC6X6 UNorm format is not supported, decompressing texture
WARNING: RGBA Compressed ASTC6X6 sRGB format is not supported, decompressing texture
 -> (artifact id: 'fbc6ea0fea2bfa631f4f4859577f9e77') in 1.271286 seconds
  Import took 1.276358 seconds .

========================================================================
Received Import Request.
  Time since last request: 0.000367 seconds.
  path: Assets/GreekVases/GreekTemple - Vases (Free)/03_Materials/Vase_VoluteKrater.mat
  artifactKey: Guid(3ef5354ebf67bd243a71a505a199801f) Importer(815301076,1909f56bfc062723c751e8b465ee728b)
Start importing Assets/GreekVases/GreekTemple - Vases (Free)/03_Materials/Vase_VoluteKrater.mat using Guid(3ef5354ebf67bd243a71a505a199801f) Importer(815301076,1909f56bfc062723c751e8b465ee728b) WARNING: RGBA Compressed ASTC6X6 sRGB format is not supported, decompressing texture
WARNING: RGBA Compressed ASTC6X6 UNorm format is not supported, decompressing texture
WARNING: RGBA Compressed ASTC6X6 sRGB format is not supported, decompressing texture
 -> (artifact id: '424fef2a322313c0a534b39bebe6b072') in 1.429346 seconds
  Import took 1.433909 seconds .

========================================================================
Received Prepare
Shader 'Oculus/OVRMRCameraFrameLit': fallback shader 'Alpha-Diffuse' not found
Refreshing native plugins compatible for Editor in 22.21 ms, found 5 plugins.
Preloading 1 native plugins for Editor in 0.90 ms.
Unloading 27 Unused Serialized files (Serialized files now loaded: 0)
System memory in use before: 178.1 MB.
System memory in use after: 177.9 MB.

Unloading 27 unused Assets to reduce memory usage. Loaded Objects now: 2262.
Total: 7.430051 ms (FindLiveObjects: 0.745890 ms CreateObjectMapping: 0.108740 ms MarkObjects: 6.057404 ms  DeleteObjects: 0.516155 ms)

========================================================================
Received Prepare
Registering precompiled user dll's ...
Registered in 0.003366 seconds.
Begin MonoManager ReloadAssembly
Native extension for OSXStandalone target not found
Refreshing native plugins compatible for Editor in 0.80 ms, found 5 plugins.
Preloading 1 native plugins for Editor in 0.98 ms.
Mono: successfully reloaded assembly
- Completed reload, in  2.368 seconds
Platform modules already initialized, skipping
Switching build target platform(2) subTarget(0) extendedPlatform(0) -> platform(13) subTarget(524294) extendedPlatform(0)
Shader 'Oculus/OVRMRCameraFrameLit': fallback shader 'Alpha-Diffuse' not found
Refreshing native plugins compatible for Editor in 1.06 ms, found 5 plugins.
Preloading 1 native plugins for Editor in 0.61 ms.
Unloading 1704 Unused Serialized files (Serialized files now loaded: 0)
System memory in use before: 205.7 MB.
System memory in use after: 205.5 MB.

Unloading 30 unused Assets to reduce memory usage. Loaded Objects now: 2266.
Total: 3.370633 ms (FindLiveObjects: 0.394889 ms CreateObjectMapping: 0.157379 ms MarkObjects: 2.341392 ms  DeleteObjects: 0.475015 ms)

AssetImportParameters requested are different than current active one (requested -> active):
  custom:graphics/normal-map-encoding: 01000000000000000000000000000000 -> 02000000000000000000000000000000
========================================================================
Received Prepare
Shader 'Oculus/OVRMRCameraFrameLit': fallback shader 'Alpha-Diffuse' not found
Refreshing native plugins compatible for Editor in 15.42 ms, found 5 plugins.
Preloading 1 native plugins for Editor in 0.85 ms.
Unloading 27 Unused Serialized files (Serialized files now loaded: 0)
System memory in use before: 177.8 MB.
System memory in use after: 177.6 MB.

Unloading 27 unused Assets to reduce memory usage. Loaded Objects now: 2266.
Total: 4.093855 ms (FindLiveObjects: 0.383901 ms CreateObjectMapping: 0.132218 ms MarkObjects: 2.979876 ms  DeleteObjects: 0.596001 ms)

========================================================================
Received Prepare
Registering precompiled user dll's ...
Registered in 0.003974 seconds.
Begin MonoManager ReloadAssembly
Native extension for OSXStandalone target not found
Refreshing native plugins compatible for Editor in 0.73 ms, found 5 plugins.
Preloading 1 native plugins for Editor in 1.03 ms.
Mono: successfully reloaded assembly
- Completed reload, in  1.934 seconds
Platform modules already initialized, skipping
Switching build target platform(2) subTarget(0) extendedPlatform(0) -> platform(13) subTarget(524294) extendedPlatform(0)
Shader 'Oculus/OVRMRCameraFrameLit': fallback shader 'Alpha-Diffuse' not found
Refreshing native plugins compatible for Editor in 1.08 ms, found 5 plugins.
Preloading 1 native plugins for Editor in 0.83 ms.
Unloading 1704 Unused Serialized files (Serialized files now loaded: 0)
System memory in use before: 206.0 MB.
System memory in use after: 205.8 MB.

Unloading 30 unused Assets to reduce memory usage. Loaded Objects now: 2270.
Total: 4.847636 ms (FindLiveObjects: 0.634956 ms CreateObjectMapping: 0.121150 ms MarkObjects: 3.444744 ms  DeleteObjects: 0.644308 ms)

AssetImportParameters requested are different than current active one (requested -> active):
  custom:graphics/normal-map-encoding: 01000000000000000000000000000000 -> 02000000000000000000000000000000
========================================================================
Received Prepare
Shader 'Oculus/OVRMRCameraFrameLit': fallback shader 'Alpha-Diffuse' not found
Refreshing native plugins compatible for Editor in 10.82 ms, found 5 plugins.
Preloading 1 native plugins for Editor in 0.56 ms.
Unloading 27 Unused Serialized files (Serialized files now loaded: 0)
System memory in use before: 178.1 MB.
System memory in use after: 177.9 MB.

Unloading 27 unused Assets to reduce memory usage. Loaded Objects now: 2270.
Total: 2.810293 ms (FindLiveObjects: 0.297821 ms CreateObjectMapping: 0.110030 ms MarkObjects: 1.922117 ms  DeleteObjects: 0.478933 ms)

========================================================================
Received Prepare
Shader 'Oculus/OVRMRCameraFrameLit': fallback shader 'Alpha-Diffuse' not found
Refreshing native plugins compatible for Editor in 14.50 ms, found 5 plugins.
Preloading 1 native plugins for Editor in 1.38 ms.
Unloading 27 Unused Serialized files (Serialized files now loaded: 0)
System memory in use before: 178.3 MB.
System memory in use after: 178.1 MB.

Unloading 27 unused Assets to reduce memory usage. Loaded Objects now: 2270.
Total: 22.030635 ms (FindLiveObjects: 0.897669 ms CreateObjectMapping: 0.107384 ms MarkObjects: 20.407493 ms  DeleteObjects: 0.599475 ms)

========================================================================
Received Prepare
Shader 'Oculus/OVRMRCameraFrameLit': fallback shader 'Alpha-Diffuse' not found
Refreshing native plugins compatible for Editor in 16.69 ms, found 5 plugins.
Preloading 1 native plugins for Editor in 1.63 ms.
Unloading 27 Unused Serialized files (Serialized files now loaded: 0)
System memory in use before: 178.4 MB.
System memory in use after: 178.2 MB.

Unloading 27 unused Assets to reduce memory usage. Loaded Objects now: 2270.
Total: 22.999398 ms (FindLiveObjects: 1.166468 ms CreateObjectMapping: 0.140396 ms MarkObjects: 21.131533 ms  DeleteObjects: 0.559063 ms)

