Using pre-set license

 COMMAND LINE ARGUMENTS:
/Applications/Unity/Hub/Editor/2020.3.0f1/Unity.app/Contents/MacOS/Unity
-adb2
-batchMode
-noUpm
-name
AssetImportWorker0
-projectPath
/Users/evilla/Desktop/CMS.339/Eurydice/Eurydice
-logFile
Logs/AssetImportWorker0.log
-srvPort
49552
Successfully changed project path to: /Users/evilla/Desktop/CMS.339/Eurydice/Eurydice
/Users/evilla/Desktop/CMS.339/Eurydice/Eurydice
Using Asset Import Pipeline V2.
Refreshing native plugins compatible for Editor in 92.91 ms, found 6 plugins.
Preloading 1 native plugins for Editor in 19.99 ms.
Initialize engine version: 2020.3.0f1 (c7b5465681fb)
[Subsystems] Discovering subsystems at path /Applications/Unity/Hub/Editor/2020.3.0f1/Unity.app/Contents/Resources/UnitySubsystems
[Subsystems] Discovering subsystems at path /Users/evilla/Desktop/CMS.339/Eurydice/Eurydice/Assets
GfxDevice: creating device client; threaded=0
2021-05-01 17:09:29.789 Unity[1284:18689] Color LCD preferred device: Intel(R) Iris(TM) Plus Graphics 640 (low power)
2021-05-01 17:09:29.789 Unity[1284:18689] Metal devices available: 1
2021-05-01 17:09:29.790 Unity[1284:18689] 0: Intel(R) Iris(TM) Plus Graphics 640 (low power)
2021-05-01 17:09:29.790 Unity[1284:18689] Using device Intel(R) Iris(TM) Plus Graphics 640 (low power)
Initializing Metal device caps: Intel(R) Iris(TM) Plus Graphics 640
Shader 'Oculus/OVRMRCameraFrameLit': fallback shader 'Alpha-Diffuse' not found
Initialize mono
Mono path[0] = '/Applications/Unity/Hub/Editor/2020.3.0f1/Unity.app/Contents/Managed'
Mono path[1] = '/Applications/Unity/Hub/Editor/2020.3.0f1/Unity.app/Contents/MonoBleedingEdge/lib/mono/unityjit'
Mono config path = '/Applications/Unity/Hub/Editor/2020.3.0f1/Unity.app/Contents/MonoBleedingEdge/etc'
Using monoOptions --debugger-agent=transport=dt_socket,embedding=1,server=y,suspend=n,address=127.0.0.1:56284
Begin MonoManager ReloadAssembly
Registering precompiled unity dll's ...
Register platform support module: /Applications/Unity/Hub/Editor/2020.3.0f1/Unity.app/Contents/PlaybackEngines/MacStandaloneSupport/UnityEditor.OSXStandalone.Extensions.dll
Registered in 0.002259 seconds.
Native extension for OSXStandalone target not found
Refreshing native plugins compatible for Editor in 78.26 ms, found 6 plugins.
Preloading 1 native plugins for Editor in 0.93 ms.
Invoked RoslynAnalysisRunner static constructor.
RoslynAnalysisRunner will not be running.
RoslynAnalysisRunner has terminated.
Mono: successfully reloaded assembly
- Completed reload, in  7.439 seconds
Platform modules already initialized, skipping
Registering precompiled user dll's ...
Registered in 0.004858 seconds.
Begin MonoManager ReloadAssembly
Native extension for OSXStandalone target not found
Refreshing native plugins compatible for Editor in 1.35 ms, found 6 plugins.
Preloading 1 native plugins for Editor in 1.18 ms.
Invoked RoslynAnalysisRunner static constructor.
RoslynAnalysisRunner will not be running.
RoslynAnalysisRunner has terminated.
Mono: successfully reloaded assembly
- Completed reload, in  1.703 seconds
Platform modules already initialized, skipping
========================================================================
Worker process is ready to serve import requests
Shader 'Oculus/OVRMRCameraFrameLit': fallback shader 'Alpha-Diffuse' not found
Launching external process: /Applications/Unity/Hub/Editor/2020.3.0f1/Unity.app/Contents/Tools/UnityShaderCompiler
Launched and connected shader compiler UnityShaderCompiler after 0.02 seconds
Refreshing native plugins compatible for Editor in 0.76 ms, found 6 plugins.
Preloading 1 native plugins for Editor in 0.64 ms.
Unloading 1916 Unused Serialized files (Serialized files now loaded: 0)
System memory in use before: 157.0 MB.
System memory in use after: 156.8 MB.

Unloading 52 unused Assets to reduce memory usage. Loaded Objects now: 2325.
Total: 2.855361 ms (FindLiveObjects: 0.365457 ms CreateObjectMapping: 0.109470 ms MarkObjects: 1.941252 ms  DeleteObjects: 0.437193 ms)

========================================================================
Received Import Request.
  path: Assets/GoogleVR/Prefabs/EventSystem
  artifactKey: Guid(877a380437e8b4d6c9c9e317e98b1eda) Importer(815301076,1909f56bfc062723c751e8b465ee728b)
Start importing Assets/GoogleVR/Prefabs/EventSystem using Guid(877a380437e8b4d6c9c9e317e98b1eda) Importer(815301076,1909f56bfc062723c751e8b465ee728b)  -> (artifact id: '5a7339d4e9a6fc810b68dba1e52c9bc1') in 0.005548 seconds
  Import took 0.009429 seconds .

========================================================================
Received Import Request.
  Time since last request: 0.000303 seconds.
  path: Assets/GoogleVR/Prefabs/EventSystem/GvrEventSystem.prefab
  artifactKey: Guid(463285ecd6702471a909ba810832bf0e) Importer(815301076,1909f56bfc062723c751e8b465ee728b)
Start importing Assets/GoogleVR/Prefabs/EventSystem/GvrEventSystem.prefab using Guid(463285ecd6702471a909ba810832bf0e) Importer(815301076,1909f56bfc062723c751e8b465ee728b)  -> (artifact id: '85bf619b0612357607786aab16cb505e') in 1.141022 seconds
  Import took 1.145383 seconds .

========================================================================
Received Import Request.
  Time since last request: 0.000257 seconds.
  path: Assets/GoogleVR/Prefabs/GvrEditorEmulator.prefab
  artifactKey: Guid(970dd4b9371394fb4890965f608d46fd) Importer(815301076,1909f56bfc062723c751e8b465ee728b)
Start importing Assets/GoogleVR/Prefabs/GvrEditorEmulator.prefab using Guid(970dd4b9371394fb4890965f608d46fd) Importer(815301076,1909f56bfc062723c751e8b465ee728b)  -> (artifact id: '754adb9fc02b5517bf70af04514107d7') in 0.004347 seconds
  Import took 0.008898 seconds .

========================================================================
Received Import Request.
  Time since last request: 0.000231 seconds.
  path: Assets/GoogleVR/Prefabs
  artifactKey: Guid(2ef41a5e4a1174e0aa26adcd74473595) Importer(815301076,1909f56bfc062723c751e8b465ee728b)
Start importing Assets/GoogleVR/Prefabs using Guid(2ef41a5e4a1174e0aa26adcd74473595) Importer(815301076,1909f56bfc062723c751e8b465ee728b)  -> (artifact id: '9398366c1c7044443fe0c4cce8d8b7b3') in 0.001321 seconds
  Import took 0.006108 seconds .

========================================================================
Received Prepare
Registering precompiled user dll's ...
Registered in 0.007277 seconds.
Begin MonoManager ReloadAssembly
Native extension for OSXStandalone target not found
Refreshing native plugins compatible for Editor in 0.71 ms, found 5 plugins.
Preloading 1 native plugins for Editor in 1.07 ms.
Invoked RoslynAnalysisRunner static constructor.
RoslynAnalysisRunner will not be running.
RoslynAnalysisRunner has terminated.
Mono: successfully reloaded assembly
- Completed reload, in  1.489 seconds
Platform modules already initialized, skipping
Switching build target platform(2) subTarget(0) extendedPlatform(0) -> platform(13) subTarget(524294) extendedPlatform(0)
Shader 'Oculus/OVRMRCameraFrameLit': fallback shader 'Alpha-Diffuse' not found
Refreshing native plugins compatible for Editor in 0.70 ms, found 5 plugins.
Preloading 1 native plugins for Editor in 0.59 ms.
Unloading 1693 Unused Serialized files (Serialized files now loaded: 0)
System memory in use before: 151.2 MB.
System memory in use after: 151.0 MB.

Unloading 154 unused Assets to reduce memory usage. Loaded Objects now: 2205.
Total: 6.243974 ms (FindLiveObjects: 0.462927 ms CreateObjectMapping: 0.125850 ms MarkObjects: 5.128958 ms  DeleteObjects: 0.523896 ms)

AssetImportParameters requested are different than current active one (requested -> active):
  custom:graphics/normal-map-encoding: 01000000000000000000000000000000 -> 02000000000000000000000000000000
========================================================================
Received Import Request.
  Time since last request: 2613.289813 seconds.
  path: Assets/Scripts/PaintingGaze.cs
  artifactKey: Guid(7bad80faef9e24c7ba60d78bed3c7535) Importer(815301076,1909f56bfc062723c751e8b465ee728b)
Start importing Assets/Scripts/PaintingGaze.cs using Guid(7bad80faef9e24c7ba60d78bed3c7535) Importer(815301076,1909f56bfc062723c751e8b465ee728b)  -> (artifact id: '4a767c1350537f4ae0c32e2d03f4d4b0') in 0.747066 seconds
  Import took 0.753619 seconds .

========================================================================
Received Import Request.
  Time since last request: 0.754464 seconds.
  path: Assets/Scripts/PaintingScript.cs
  artifactKey: Guid(89dfa061d9e17472fa088422e15d58df) Importer(815301076,1909f56bfc062723c751e8b465ee728b)
Start importing Assets/Scripts/PaintingScript.cs using Guid(89dfa061d9e17472fa088422e15d58df) Importer(815301076,1909f56bfc062723c751e8b465ee728b)  -> (artifact id: '52eff668931eb13d86ac9120bf0717c2') in 0.002036 seconds
  Import took 0.009209 seconds .

========================================================================
Received Import Request.
  Time since last request: 0.003185 seconds.
  path: Assets/Scripts/PaintingScript.cs
  artifactKey: Guid(89dfa061d9e17472fa088422e15d58df) Importer(815301076,1909f56bfc062723c751e8b465ee728b)
Start importing Assets/Scripts/PaintingScript.cs using Guid(89dfa061d9e17472fa088422e15d58df) Importer(815301076,1909f56bfc062723c751e8b465ee728b)  -> (artifact id: '52eff668931eb13d86ac9120bf0717c2') in 0.002183 seconds
  Import took 0.007035 seconds .

